/home/pi/apollo/max6675.py:32: RuntimeWarning: This channel is already in use, continuing anyway.  Use GPIO.setwarnings(False) to disable warnings.
  GPIO.setup(self.cs_pin, GPIO.OUT)
/home/pi/apollo/max6675.py:33: RuntimeWarning: This channel is already in use, continuing anyway.  Use GPIO.setwarnings(False) to disable warnings.
  GPIO.setup(self.clock_pin, GPIO.OUT)
/home/pi/apollo/max6675.py:32: RuntimeWarning: This channel is already in use, continuing anyway.  Use GPIO.setwarnings(False) to disable warnings.
  GPIO.setup(self.cs_pin, GPIO.OUT)
/home/pi/apollo/max6675.py:33: RuntimeWarning: This channel is already in use, continuing anyway.  Use GPIO.setwarnings(False) to disable warnings.
  GPIO.setup(self.clock_pin, GPIO.OUT)
217.85
217.85
217.85
217.85
218.3
217.85
218.3
218.75
218.75
218.3
218.75
217.85
218.75
217.4
218.75
217.85
218.3
217.85
217.85
218.3
217.85
217.85
217.4
217.85
216.05
217.85
217.4
218.3
218.75
218.75
218.3
217.85
218.75
218.75
218.3
218.3
218.75
218.75
218.3
218.3
218.3
218.3
218.75
218.75
218.3
217.85
217.4
217.85
217.85
217.85
217.85
217.85
217.85
217.85
217.85
217.85
217.85
218.3
217.85
217.85
218.3
217.85
217.4
218.3
218.3
218.3
217.85
217.4
217.85
217.85
217.4
218.3
218.75
218.3
218.3
219.2
219.65
218.3
218.75
218.3
218.75
218.75
219.2
219.2
217.85
219.2
219.65
219.65
219.2
218.75
219.2
219.65
220.1
218.75
219.65
220.1
220.55
220.55
221.45
220.55
221.0
221.0
221.45
221.45
221.45
221.9
221.9
222.35
222.35
221.9
221.9
223.25
222.35
222.8
222.8
222.8
222.35
222.8
222.8
222.8
222.35
222.8
221.9
221.45
221.9
221.45
221.45
222.8
222.8
222.8
222.8
222.8
222.35
222.35
222.35
222.8
222.8
222.35
222.35
223.25
223.7
223.7
223.7
223.7
223.7
224.15
224.6
224.6
224.6
224.15
224.15
225.05
225.05
225.5
224.6
225.5
225.95
226.4
225.95
226.4
225.95
225.95
225.5
227.3
227.3
227.3
226.85
226.85
227.75
228.2
227.75
228.2
228.65
228.65
228.2
228.65
229.1
229.1
228.65
228.2
229.1
229.55
230.0
230.45
229.55
230.9
231.35
231.8
230.45
232.25
231.8
230.9
231.35
231.35
230.9
231.35
230.45
231.35
229.55
230.45
229.1
230.9
230.0
230.45
230.0
230.0
230.0
230.45
229.55
230.45
230.45
230.45
230.0
230.0
229.55
230.0
230.0
230.0
229.55
230.0
230.45
230.0
230.0
230.9
230.45
230.9
230.9
230.9
230.9
231.35
231.8
231.8
231.8
230.9
232.25
231.8
231.8
232.7
232.25
233.15
232.25
232.7
233.15
232.7
233.15
233.6
233.6
233.6
232.7
233.6
233.6
234.05
234.05
234.05
234.5
234.5
234.5
234.95
234.5
234.95
234.95
234.95
235.4
235.4
235.4
235.4
235.4
234.95
235.85
236.3
236.75
236.3
236.3
236.75
235.85
238.1
236.3
237.65
237.2
237.65
238.1
238.1
237.65
238.1
238.1
237.65
238.1
238.1
238.55
239.45
238.1
239.45
239.45
239.45
239.9
240.35
239.9
239.9
240.35
240.35
240.8
240.35
240.35
241.25
240.8
240.8
241.7
241.25
240.8
241.25
242.15
242.15
241.7
241.25
240.35
242.6
242.6
242.15
242.6
243.05
243.05
243.05
241.7
242.6
243.5
242.6
242.6
243.5
243.95
243.95
244.4
244.4
244.4
243.95
245.3
244.4
244.85
244.4
244.85
245.3
245.75
244.85
245.75
245.3
245.75
244.85
246.2
244.85
246.2
245.75
246.2
246.2
246.65
246.2
246.65
246.2
246.65
246.65
246.65
245.75
246.65
245.75
246.2
247.1
245.75
246.65
247.1
247.55
246.2
247.55
246.2
244.4
242.6
243.5
242.6
241.7
241.25
241.25
241.25
241.25
240.8
240.35
239.9
239.9
241.25
240.8
241.7
240.8
241.25
241.7
242.15
241.7
242.15
243.05
242.6
243.95
243.05
243.5
243.95
243.5
243.5
244.85
244.4
244.85
245.3
245.75
246.2
246.65
247.1
246.65
247.55
247.55
249.35
248.9
250.25
250.25
251.15
251.6
252.05
252.05
252.95
253.4
253.85
255.2
254.75
254.75
256.1
256.55
256.55
258.35
259.7
259.25
261.05
261.95
262.4
263.75
263.3
265.1
265.55
266.9
267.8
268.25
268.7
269.6
270.5
271.85
272.75
272.75
272.75
272.3
272.75
273.65
273.2
273.65
274.1
274.1
274.55
275.0
274.55
275.9
276.8
276.8
276.8
277.7
278.15
278.6
279.05
279.95
280.85
282.2
283.55
284.45
284.9
285.35
285.8
285.8
288.05
289.4
289.85
291.2
291.2
292.55
293.9
293.9
295.25
296.15
295.7
295.25
296.15
296.15
296.15
296.15
294.35
295.25
295.25
295.25
294.35
294.8
295.7
296.15
296.6
297.05
297.05
296.6
296.15
297.05
296.6
296.15
296.6
295.7
295.7
295.25
294.8
293.9
293.9
293.45
294.35
293.45
293.45
292.55
292.1
292.1
291.2
292.1
291.65
290.3
289.85
290.3
290.3
290.3
290.3
288.95
288.95
288.95
288.05
288.5
288.05
287.15
287.15
287.15
287.15
287.6
287.15
287.15
285.8
287.15
285.8
286.25
286.25
286.25
286.25
286.25
286.25
286.25
286.25
286.25
285.35
285.8
285.35
285.35
284.9
285.35
285.35
284.0
284.45
283.55
284.0
284.0
284.0
283.1
283.55
284.0
282.2
283.1
282.65
282.65
282.2
282.65
282.2
281.3
282.2
282.2
282.2
281.75
282.2
282.2
281.3
281.3
280.85
280.85
281.3
281.3
280.85
280.85
280.4
279.95
279.95
281.3
281.3
280.4
279.95
280.4
281.3
279.95
280.4
280.85
281.3
279.95
280.4
280.4
280.4
279.5
279.95
280.4
279.5
280.85
280.4
279.5
280.85
280.4
280.4
279.95
279.5
279.05
279.5
279.5
279.05
279.05
278.6
278.6
278.6
278.6
279.05
278.6
278.15
278.6
278.6
278.6
277.7
278.15
278.6
277.7
278.15
277.7
278.15
277.7
277.7
278.15
277.7
276.35
276.35
275.9
276.8
276.8
276.35
275.45
275.9
276.35
275.9
275.9
275.9
275.45
275.45
275.45
275.45
274.55
274.1
273.65
274.1
273.65
274.1
273.2
273.2
273.65
273.65
272.3
272.75
272.3
272.75
272.3
271.4
272.3
271.85
271.85
271.4
270.95
270.95
270.95
270.95
270.95
269.6
268.7
269.6
269.15
269.6
269.15
269.6
269.6
268.25
268.7
268.7
268.25
268.7
267.8
267.8
267.35
267.35
267.35
267.35
267.8
267.35
266.9
266.45
266.9
266.9
264.65
266.45
265.55
266.0
264.2
266.0
265.55
264.65
265.55
265.1
263.75
264.2
264.65
264.2
263.75
262.85
263.3
263.75
263.3
262.85
262.85
262.4
262.85
261.5
261.95
261.5
261.5
261.5
261.5
261.05
261.05
260.6
260.15
259.7
259.7
260.15
259.7
260.15
260.15
259.7
259.7
259.25
259.25
259.25
258.8
258.35
258.35
257.9
258.8
257.9
257.9
257.45
257.9
256.55
257.0
257.45
256.55
256.55
256.55
256.55
256.1
256.55
256.1
255.65
257.0
256.1
255.65
255.65
256.55
256.55
256.1
255.2
255.65
255.2
255.2
255.65
255.2
254.75
254.75
254.3
254.3
253.85
253.85
253.85
254.3
252.95
253.85
253.4
252.95
252.5
252.95
252.5
252.5
251.6
251.6
252.05
250.7
251.15
251.6
251.15
251.6
251.15
251.6
251.6
251.15
251.15
251.15
251.15
250.7
250.25
250.25
251.15
250.7
250.7
250.7
250.7
250.25
249.8
250.7
249.35
249.8
249.8
248.9
249.8
249.35
249.35
249.8
249.8
249.8
248.9
248.9
248.9
248.9
248.45
247.55
248.9
248.9
248.45
248.45
248.9
248.0
247.55
247.55
248.0
248.0
248.0
248.45
248.0
246.65
247.55
248.0
247.55
247.55
247.1
246.65
246.65
245.75
246.65
246.2
246.2
246.2
245.75
245.75
246.2
245.3
245.75
244.85
244.85
245.75
245.75
246.2
245.3
245.75
245.75
244.4
244.4
245.3
245.3
245.3
245.3
244.85
243.95
244.4
244.85
244.4
245.3
244.4
244.85
245.3
245.3
244.4
245.3
243.95
244.85
245.3
243.95
245.3
244.85
244.85
245.3
245.75
244.85
244.4
245.3
244.4
244.85
243.95
244.85
244.4
244.85
244.85
243.95
244.4
244.85
244.4
243.5
243.95
243.95
243.05
242.6
243.95
243.5
243.05
243.5
243.5
242.15
242.6
242.6
241.7
242.6
242.6
242.15
242.6
243.05
243.05
242.6
242.6
243.05
243.05
243.05
243.5
242.6
242.6
243.05
243.05
243.05
243.05
242.6
242.6
243.05
242.15
243.05
241.7
242.6
243.05
243.05
243.05
242.6
242.15
242.15
243.5
243.05
243.5
243.05
243.05
242.6
243.5
243.5
243.05
243.5
243.05
243.5
243.5
243.5
243.95
242.6
243.5
242.6
243.5
243.95
243.95
243.95
243.95
243.05
242.6
243.05
243.05
242.6
243.05
243.05
243.05
243.5
243.05
243.95
243.5
243.05
243.05
243.5
242.15
242.6
241.25
242.15
241.25
241.25
241.7
240.8
240.35
240.35
240.8
240.35
240.35
239.9
241.25
240.35
239.45
239.9
240.8
240.35
240.35
239.9
240.8
239.45
239.45
241.25
241.25
241.25
241.7
241.25
241.25
240.8
240.35
240.35
240.35
241.25
241.7
241.25
241.7
243.05
242.15
243.05
243.5
243.05
243.5
243.95
243.95
244.85
244.85
244.85
243.5
246.2
245.75
246.2
247.1
248.0
248.0
247.55
248.9
248.9
249.35
249.35
249.8
249.35
249.8
250.25
249.8
249.8
250.7
251.15
252.5
252.95
252.5
252.95
253.85
255.2
254.75
255.2
255.65
255.2
255.65
256.1
256.1
256.55
256.55
257.0
257.0
257.9
258.35
259.25
260.15
261.95
262.4
262.85
263.75
264.65
265.1
266.45
267.8
267.8
269.6
270.05
270.95
272.3
272.3
272.75
272.75
273.2
274.55
274.55
275.0
275.9
275.9
276.35
275.9
276.35
276.8
277.25
277.25
277.25
278.15
278.15
277.7
278.6
278.6
278.6
279.95
280.85
281.75
281.75
282.65
282.2
282.2
281.3
281.3
282.2
283.1
282.65
281.75
282.65
282.65
283.1
284.0
284.0
284.0
284.45
284.45
284.45
284.0
284.0
285.35
284.45
284.45
284.45
284.45
284.45
284.0
283.1
284.0
283.1
283.1
282.2
282.65
283.1
283.55
284.9
286.25
287.15
289.4
289.4
289.85
289.85
290.75
292.55
292.55
293.0
293.0
292.55
292.55
291.65
292.55
292.55
292.1
291.65
292.1
291.65
291.65
291.2
291.65
292.1
291.65
291.2
291.2
291.65
291.65
293.45
294.35
294.8
295.25
296.6
297.05
296.6
297.5
298.4
297.95
297.95
297.95
298.4
298.4
298.85
298.4
298.85
298.85
299.3
299.3
299.3
297.95
298.85
299.3
298.85
298.4
299.3
299.75
299.75
299.3
300.2
299.75
299.75
300.2
299.75
300.2
299.3
299.75
301.1
302.0
301.1
302.0
302.45
300.65
302.0
302.0
302.0
302.45
302.0
302.0
303.35
303.8
303.8
303.35
304.25
304.7
304.25
304.25
304.25
303.35
304.25
303.8
303.35
304.25
304.7
304.7
304.25
305.15
306.5
306.95
308.75
310.1
310.1
311.45
311.45
311.9
311.45
311.45
312.35
312.35
312.35
312.35
311.9
311.0
310.55
311.0
311.0
311.45
311.45
311.45
311.9
311.9
312.35
312.35
312.8
312.8
312.8
312.35
312.35
311.9
312.35
313.25
312.8
313.25
312.8
313.7
313.7
312.35
313.25
311.9
311.9
312.8
311.9
312.35
312.35
312.8
312.8
310.55
312.8
312.35
312.8
312.8
313.25
312.8
313.25
313.25
313.7
314.6
315.05
315.5
316.4
315.95
317.3
316.85
317.75
318.2
318.2
319.1
320.0
320.45
320.9
320.45
320.45
320.45
320.45
320.45
319.55
319.55
320.0
320.45
320.45
320.0
320.0
320.45
319.55
320.0
319.1
319.55
320.45
319.1
319.1
318.2
318.65
318.2
318.65
318.2
318.65
318.2
317.75
317.75
316.85
317.3
317.3
315.95
316.85
316.4
315.95
316.4
315.95
315.05
315.5
314.6
315.05
314.6
314.15
314.6
313.7
314.15
313.7
313.25
313.25
313.25
312.8
312.35
311.45
311.0
311.45
311.0
311.0
310.1
309.65
311.0
310.55
309.65
309.65
308.3
308.75
307.85
307.4
307.4
307.4
306.95
307.4
307.4
307.4
307.4
306.95
307.4
306.5
306.05
306.5
306.05
305.6
305.6
305.6
305.15
304.25
304.7
305.15
305.15
304.7
305.15
305.15
305.15
304.7
304.7
303.8
303.8
304.7
303.8
303.8
304.25
304.25
304.25
303.35
303.35
302.9
302.45
302.45
302.45
302.45
302.0
303.35
302.9
302.45
303.35
303.35
303.35
303.35
303.8
302.45
302.9
302.45
302.45
302.9
302.9
302.45
302.45
302.9
302.45
302.45
302.45
302.45
301.55
302.45
302.0
301.55
300.65
301.1
301.1
300.65
300.2
299.75
299.3
299.75
299.3
299.3
299.75
298.85
299.3
298.85
298.85
298.85
298.4
298.85
297.95
298.4
298.85
296.6
298.4
297.95
297.95
297.5
297.05
297.95
297.05
298.4
297.05
297.95
297.5
297.5
297.95
297.05
297.5
297.05
297.5
297.05
297.05
297.5
297.05
297.05
297.05
296.15
296.6
297.05
296.15
297.05
296.6
297.5
296.6
296.15
296.15
295.7
295.25
294.8
295.7
294.8
295.25
294.35
294.8
294.35
293.9
294.35
293.45
294.35
293.9
293.0
294.35
293.45
293.45
293.0
292.55
293.45
293.45
293.9
293.9
293.45
292.55
292.55
292.55
293.0
292.55
292.55
292.55
292.1
292.1
292.55
291.65
292.1
291.65
290.75
291.2
291.2
290.3
289.85
290.75
291.2
290.75
289.85
290.3
290.75
290.3
290.3
290.3
290.3
289.4
289.4
288.95
288.95
289.4
288.95
289.4
288.5
288.95
288.95
288.5
287.6
287.6
288.5
288.05
287.6
287.6
286.7
287.15
287.15
287.15
286.25
287.15
287.15
286.7
287.15
286.7
287.15
287.15
286.25
286.25
284.9
286.7
286.25
286.25
286.25
285.8
285.8
285.35
285.35
285.8
285.8
285.35
285.35
284.9
285.35
284.9
284.9
284.45
284.45
284.9
284.0
284.45
284.45
284.45
284.0
283.55
284.0
284.45
284.0
284.45
284.0
283.55
284.0
283.1
284.45
283.55
283.55
284.0
284.0
283.1
283.1
282.65
281.3
279.05
276.8
275.0
273.65
272.75
271.4
271.85
271.85
271.4
271.4
271.4
272.3
271.85
272.3
272.3
272.75
273.2
271.85
270.95
269.15
267.35
266.0
264.65
262.4
260.15
257.9
256.1
254.75
253.4
250.25
250.25
249.35
249.35
249.8
250.7
250.25
251.15
249.8
250.25
250.7
250.25
250.25
251.15
251.15
251.15
251.15
251.15
250.7
251.15
252.05
251.6
251.6
252.05
252.5
253.4
253.85
254.3
254.3
255.2
255.65
256.1
256.55
257.45
257.45
258.35
258.35
257.9
259.25
258.8
258.8
258.8
258.35
257.45
258.35
258.8
257.9
257.9
257.9
257.9
257.9
257.9
257.45
257.0
257.0
257.45
257.45
257.9
257.9
258.35
258.35
258.8
258.8
258.8
258.35
257.9
258.35
258.35
259.25
259.25
258.8
258.35
258.8
258.35
258.35
258.8
257.9
257.9
258.8
258.35
259.25
259.7
260.15
259.7
260.15
260.15
261.05
260.6
260.6
261.05
261.95
262.4
262.4
262.85
263.3
263.75
263.75
264.2
264.2
263.3
264.2
265.1
264.65
265.55
264.65
265.55
266.9
266.9
267.8
267.8
267.8
269.15
269.15
270.95
271.4
273.65
273.65
273.65
275.0
274.55
274.1
274.1
275.0
275.45
275.0
275.9
276.35
275.9
275.9
276.35
275.0
275.45
276.35
276.8
276.35
275.45
276.8
277.25
277.7
277.25
277.25
277.25
276.8
277.7
276.8
277.7
277.7
276.8
277.25
277.25
277.7
277.7
277.7
277.7
277.7
279.05
278.6
279.95
280.85
281.75
282.65
284.0
284.9
285.35
286.25
287.6
287.15
288.5
289.4
288.95
288.5
288.5
287.6
288.5
288.5
288.95
288.05
288.05
288.05
287.15
287.6
287.15
288.05
288.05
286.7
288.05
288.5
287.6
288.05
287.6
287.15
286.7
286.25
285.8
286.25
285.35
286.25
285.8
285.35
285.35
284.45
284.0
284.0
284.0
283.1
283.55
283.55
284.0
283.1
284.0
284.0
283.55
284.0
284.0
283.1
283.55
283.55
283.55
283.55
284.0
284.45
285.35
285.8
286.25
286.7
286.7
286.25
286.7
288.05
288.05
289.4
290.3
289.85
289.4
290.75
290.3
290.3
291.2
291.65
292.1
291.65
292.1
292.55
293.0
293.45
293.45
293.0
293.45
293.9
292.55
293.0
292.55
293.0
292.1
292.1
291.65
291.65
291.65
291.2
290.3
291.2
290.75
289.85
289.4
289.85
290.75
289.4
289.85
289.85
289.85
290.75
290.3
290.3
290.75
290.3
290.3
290.3
289.85
289.4
289.4
290.3
288.5
289.4
288.95
288.5
288.05
288.05
288.05
287.6
287.15
287.15
287.15
286.7
286.25
286.25
285.8
286.25
286.25
285.8
287.15
288.05
288.05
288.5
288.95
288.5
288.05
288.5
288.5
288.5
289.4
288.95
289.4
288.95
289.4
288.5
288.95
288.5
288.95
287.6
287.15
287.6
286.7
286.25
286.25
285.8
284.9
284.45
283.55
284.0
283.1
281.75
281.75
281.75
281.75
281.3
281.75
281.3
281.75
282.2
282.2
282.2
282.2
283.55
282.2
283.55
283.1
282.65
282.2
281.75
282.65
284.0
284.45
285.35
286.25
287.15
288.05
288.5
289.4
290.3
292.1
291.2
293.45
293.45
293.0
293.45
292.1
292.55
293.0
290.75
291.2
290.3
288.95
290.3
289.4
288.5
288.5
288.05
288.5
288.5
287.15
288.05
286.7
287.15
287.15
286.7
286.7
286.25
285.35
285.8
283.55
284.0
284.0
284.45
284.0
281.3
278.15
275.0
271.85
268.7
265.55
262.85
260.6
258.8
257.9
257.9
258.35
258.35
259.25
259.7
260.15
260.6
261.5
261.95
262.4
262.85
264.2
263.75
264.65
264.65
265.1
266.9
266.0
268.25
267.35
267.8
268.25
268.7
268.7
269.15
269.15
270.5
270.05
270.05
270.05
270.5
270.5
270.05
270.5
271.4
271.85
271.85
272.3
271.4
272.3
272.75
272.75
272.75
272.75
272.75
271.85
272.3
272.75
272.75
274.55
274.1
274.55
274.55
274.1
274.55
275.0
275.9
275.45
274.55
274.1
275.0
275.0
274.1
275.0
275.45
275.9
275.0
275.0
275.0
275.0
275.45
275.45
275.0
275.45
275.45
275.9
275.45
275.9
275.45
275.9
275.0
275.0
276.35
275.9
275.9
275.0
275.0
274.55
275.45
275.45
275.45
275.45
274.1
274.1
274.55
275.0
275.0
275.45
275.0
275.9
275.9
276.35
276.35
275.45
276.8
276.8
278.15
279.05
279.5
280.4
280.85
280.85
280.4
280.4
280.4
280.4
279.95
280.85
280.4
280.85
280.85
280.4
280.4
280.4
279.5
279.5
279.05
279.5
279.5
279.05
279.05
280.4
279.5
279.5
279.5
279.5
279.05
279.95
279.05
279.5
280.4
280.85
280.4
280.85
279.5
280.85
280.85
279.95
281.3
280.85
280.85
281.3
281.75
281.75
280.85
281.3
281.3
281.75
281.75
280.85
281.3
281.75
280.85
282.2
281.75
281.75
281.75
282.2
282.2
282.65
283.1
282.65
282.65
282.65
283.55
283.55
283.55
284.0
284.45
284.0
283.55
284.0
283.55
284.0
284.0
284.0
284.0
285.35
284.0
284.9
285.35
285.8
285.8
286.25
286.7
286.7
287.15
287.6
288.05
288.5
287.6
287.15
287.6
287.15
287.6
287.6
287.15
287.6
287.6
287.15
287.15
287.15
287.6
287.6
286.7
288.05
287.6
287.6
287.15
287.6
287.6
287.15
287.15
286.25
287.15
286.7
286.25
285.35
285.8
285.35
285.8
284.9
285.8
285.35
285.8
285.8
285.8
285.8
285.35
285.8
285.8
285.8
285.8
285.8
285.35
284.9
284.9
284.9
284.9
285.8
285.8
284.9
285.8
284.0
284.45
284.0
284.45
286.25
285.8
287.15
285.8
286.25
286.7
286.25
286.25
284.45
284.45
284.9
285.35
284.9
284.45
284.9
285.35
284.0
284.9
284.9
284.45
284.45
284.45
284.0
283.55
284.0
282.65
283.1
282.2
283.1
282.65
279.95
276.8
274.1
270.95
266.45
266.45
264.65
263.75
264.2
266.0
266.45
267.8
268.25
268.7
270.95
271.4
272.3
272.3
273.65
273.2
274.1
273.65
274.55
275.0
275.45
276.35
275.0
276.35
276.35
277.25
276.35
277.25
277.25
278.15
278.15
277.7
279.05
278.6
279.05
279.5
279.05
279.5
279.5
279.05
279.5
279.5
280.4
280.4
280.85
281.75
281.3
280.85
281.3
281.3
281.3
281.3
281.3
281.3
282.2
281.75
282.2
282.65
283.1
283.55
283.55
283.55
283.55
283.55
283.55
283.55
283.1
284.0
283.55
283.55
283.1
284.0
283.1
283.1
282.65
283.1
283.1
283.1
283.1
283.1
282.65
283.1
282.65
283.1
283.1
284.45
284.9
284.9
285.35
285.8
285.8
285.8
285.8
286.25
286.25
286.25
286.7
286.25
286.25
286.25
285.35
286.25
286.25
285.8
285.35
284.9
284.45
284.9
285.35
284.9
285.8
285.35
285.8
284.9
285.8
284.45
285.35
285.35
285.35
284.9
284.9
285.35
285.35
285.35
285.8
285.35
285.8
286.25
285.35
285.8
284.45
285.35
284.9
284.9
284.45
284.0
284.45
284.0
284.0
283.55
283.55
283.55
283.1
282.65
282.65
282.65
281.75
282.2
281.3
280.85
279.95
281.75
281.3
281.3
280.4
280.4
280.4
279.5
280.4
278.6
279.95
279.05
279.5
279.5
279.5
280.4
280.85
281.75
280.4
282.2
281.75
281.75
282.2
282.2
283.55
283.1
284.0
283.55
284.0
282.65
283.1
283.1
282.2
282.2
282.65
281.75
281.3
280.85
280.85
281.3
281.3
280.4
280.4
279.5
280.85
279.5
279.95
279.5
279.5
279.05
279.05
278.6
279.5
279.5
279.5
279.95
279.05
279.95
279.5
280.4
280.85
280.85
280.4
280.85
279.95
279.95
279.05
279.5
278.6
279.05
278.6
278.15
278.6
278.15
278.15
277.25
277.7
277.7
278.15
277.7
277.7
277.25
277.7
277.25
278.15
278.6
277.7
278.6
278.6
278.15
278.15
277.7
279.05
277.7
279.5
279.95
280.85
280.4
280.4
280.85
281.3
281.3
281.3
280.85
280.4
279.95
280.4
279.5
279.05
280.4
279.95
280.85
280.4
280.85
280.85
279.5
279.5
279.5
278.6
278.15
279.05
279.05
278.6
278.6
278.15
277.7
277.7
276.8
277.7
277.7
276.35
277.25
276.8
277.25
277.25
277.25
277.7
276.35
275.9
276.8
276.35
275.45
276.35
276.8
276.35
276.8
276.35
276.8
276.35
276.35
276.35
275.45
275.0
273.2
269.15
265.55
261.5
257.0
253.85
251.15
247.1
243.95
241.25
238.55
235.4
232.25
230.0
227.75
225.05
221.9
216.95
214.7
211.55
209.3
207.05
204.35
202.55
199.4
198.05
196.7
194.45
192.65
190.85
188.15
187.7
185.45
185.45
184.55
184.1
183.65
183.2
182.3
181.4
180.5
179.6
179.6
178.25
178.25
177.35
176.9
176.0
175.55
173.75
174.65
174.2
174.65
173.75
174.2
173.75
174.2
173.3
172.4
171.95
171.5
171.5
170.15
170.15
170.15
169.7
169.7
169.7
169.25
167.45
168.8
168.8
168.35
168.35
167.45
167.45
166.1
165.2
164.75
164.3
164.3
163.85
162.95
162.5
163.4
162.95
162.05
161.6
161.6
161.15
159.35
160.7
160.25
159.8
159.8
159.35
159.35
158.9
158.9
158.0
157.55
157.55
157.55
157.1
157.55
157.55
156.2
157.55
157.1
157.1
155.75
157.55
156.65
157.55
158.0
157.55
157.1
158.0
157.55
157.55
157.55
157.1
157.55
157.55
155.75
157.55
157.1
156.65
156.2
156.65
155.3
155.75
154.85
154.4
155.3
154.4
154.85
154.4
153.5
152.6
153.05
153.05
153.05
152.6
152.6
153.05
152.6
153.05
153.05
153.5
153.95
153.5
153.95
154.85
154.85
154.85
155.75
155.75
156.2
155.75
156.2
156.2
155.3
157.1
157.1
158.0
158.0
157.55
158.0
158.45
159.35
160.25
160.25
161.6
161.15
162.05
162.5
163.4
163.4
163.85
162.95
163.85
164.3
162.95
162.5
162.05
161.6
161.6
161.15
160.25
159.8
159.35
158.9
157.55
158.0
158.0
158.45
158.0
158.0
158.9
158.9
158.9
159.35
159.35
159.35
159.35
158.45
158.0
158.45
158.0
158.0
158.9
158.45
159.35
158.9
158.0
158.45
157.55
156.65
156.65
156.65
155.75
155.75
155.3
154.85
154.85
155.75
155.75
154.4
154.4
154.4
153.5
153.05
152.6
152.6
151.25
151.7
151.25
151.25
150.35
151.25
150.35
151.25
151.25
149.45
150.35
149.9
149.9
149.45
149.9
149.0
148.55
149.45
148.55
149.9
149.0
149.0
148.55
148.1
147.65
147.2
146.75
145.85
145.4
144.5
145.4
145.85
145.85
146.75
145.85
146.75
146.3
146.3
146.75
146.3
146.3
145.85
145.85
145.4
144.95
144.05
144.05
144.95
145.85
145.85
145.85
146.3
147.2
148.1
148.1
148.55
149.0
150.8
152.15
153.95
155.75
157.1
159.35
162.05
164.3
166.55
167.9
171.05
172.85
174.65
176.9
180.05
183.2
185.0
186.35
187.7
190.4
192.2
194.9
195.8
196.7
199.4
201.2
201.65
203.9
204.8
206.6
211.55
211.1
212.45
213.35
215.15
216.5
216.05
216.95
218.3
219.65
220.1
221.0
222.35
222.8
224.15
225.5
226.4
225.95
227.3
228.2
229.1
229.1
228.65
230.45
231.35
231.8
231.8
233.15
234.05
234.05
234.5
234.5
235.85
235.85
236.75
235.4
237.2
236.75
237.2
236.75
237.65
238.55
239.0
239.45
239.0
240.35
240.35
240.8
240.8
240.35
241.25
239.9
242.15
240.8
241.7
241.7
242.15
243.05
242.6
243.5
243.95
243.5
244.4
243.95
244.4
243.5
243.5
244.4
244.85
243.95
244.85
243.95
243.5
245.3
244.4
245.3
244.85
245.3
245.75
245.75
246.2
245.75
245.75
245.75
245.75
245.3
246.2
245.75
246.2
245.3
245.75
245.75
246.2
245.75
245.3
246.2
245.75
246.2
245.75
244.85
246.2
246.2
246.2
245.75
246.2
246.2
246.2
246.2
245.75
245.75
245.3
245.75
245.75
245.75
246.2
245.75
244.85
244.85
244.85
245.3
245.3
245.3
244.4
244.4
245.3
244.85
244.4
245.3
244.85
244.4
243.5
244.4
244.4
244.4
243.5
243.95
244.4
243.5
243.05
243.95
243.05
243.05
243.5
243.5
243.5
243.05
243.5
242.15
243.05
242.6
243.05
243.05
242.6
242.15
242.15
242.6
241.7
242.15
241.25
241.25
240.8
240.8
241.7
240.8
241.25
239.9
240.35
240.8
240.8
239.45
239.45
239.9
239.0
239.0
238.55
239.0
239.45
239.9
239.45
239.45
239.0
238.55
238.1
238.1
238.55
238.1
237.2
237.2
237.65
237.65
237.65
236.3
237.2
236.3
236.75
235.85
236.3
235.85
235.85
235.85
235.4
235.4
234.05
234.5
234.95
235.4
234.5
234.05
234.5
233.6
234.5
234.05
233.6
233.6
233.15
233.6
232.7
232.7
231.8
232.25
231.8
230.45
232.25
231.35
231.35
231.35
231.35
230.0
231.35
230.45
230.9
230.45
230.45
230.0
229.55
229.55
229.55
229.55
229.1
229.1
229.55
228.65
228.65
227.75
228.2
228.2
228.2
227.75
227.3
226.85
227.3
226.4
226.85
225.95
225.5
226.85
226.85
225.5
225.05
226.4
225.95
225.95
225.95
224.6
224.6
225.5
224.15
225.05
225.05
224.6
224.6
223.7
223.25
223.7
223.25
224.15
223.25
223.25
223.7
222.35
223.25
222.8
221.9
222.35
222.35
221.9
222.35
221.45
221.45
222.35
221.45
221.0
221.45
220.55
221.0
221.0
220.55
220.55
219.65
220.55
220.1
219.65
219.2
220.1
220.1
219.2
219.2
219.2
218.75
218.75
217.85
217.85
217.85
217.85
217.85
217.85
217.4
216.5
216.95
215.6
217.4
216.05
216.95
215.6
216.95
216.05
216.05
216.05
215.15
215.6
215.15
215.15
215.15
215.6
214.7
214.25
213.8
214.25
214.25
214.25
212.9
212.45
213.8
212.45
213.35
213.35
212.9
212.9
212.9
212.0
212.45
212.45
212.45
212.45
211.55
210.65
212.45
212.0
210.65
211.1
209.75
210.65
210.65
211.1
210.65
210.65
210.65
210.2
210.65
209.75
210.2
208.4
209.3
208.85
209.3
208.85
209.3
208.4
208.4
208.4
208.4
208.4
207.5
207.95
207.95
207.5
207.05
206.6
207.5
206.15
206.15
206.6
207.05
206.6
206.15
205.7
206.15
205.25
204.8
204.8
205.7
204.8
204.35
204.8
204.35
204.8
204.8
203.45
204.35
203.9
204.35
203.9
203.0
203.9
203.9
203.0
203.0
202.55
202.1
202.55
203.0
202.1
203.0
201.65
202.55
202.1
202.55
202.1
202.1
201.2
202.55
201.65
201.65
201.65
201.65
201.65
201.65
201.2
201.2
199.85
200.3
200.3
200.75
200.75
200.75
199.85
199.4
200.3
200.3
199.4
199.85
199.85
197.6
199.4
198.95
198.95
198.05
198.05
198.5
198.5
198.05
198.05
197.6
197.6
197.6
197.15
197.15
196.25
196.25
195.8
196.7
196.25
197.15
195.8
196.7
195.35
196.25
196.25
195.35
195.35
195.35
195.8
195.35
195.35
194.45
195.8
194.9
194.9
194.45
194.45
194.45
194.45
194.45
194.0
194.45
194.45
193.55
194.0
193.1
193.55
192.65
193.55
193.1
193.1
192.65
191.75
192.2
192.65
191.3
192.2
191.75
192.2
191.75
191.3
191.3
190.4
190.85
190.85
190.85
191.3
190.85
189.95
190.85
189.95
190.4
190.4
190.85
189.95
191.3
189.95
189.95
189.5
189.95
189.95
190.4
189.5
189.5
189.05
188.6
189.05
188.6
189.05
188.6
188.15
189.05
187.7
188.6
187.7
188.6
187.7
188.6
188.15
188.15
188.15
188.15
187.7
188.15
187.7
187.7
186.35
186.35
187.7
186.8
187.25
186.35
186.35
186.8
186.8
185.45
186.8
186.8
185.0
186.35
186.35
186.35
185.0
186.35
185.9
185.9
185.9
185.9
185.45
184.55
185.45
185.45
185.45
184.55
185.45
184.55
184.55
185.0
185.0
183.65
184.55
184.1
183.65
184.1
183.65
184.55
183.65
183.2
184.55
183.65
183.65
183.2
182.3
183.65
183.2
183.2
182.75
183.65
183.2
182.3
182.3
181.85
182.3
182.3
182.75
182.75
181.85
181.4
181.4
181.4
182.3
181.4
181.4
180.05
181.85
181.4
180.95
180.95
181.85
179.6
180.95
180.95
180.5
180.5
180.5
180.5
180.95
180.05
180.5
179.6
180.5
180.05
179.15
179.15
179.6
179.15
179.6
178.7
179.6
179.6
179.15
178.7
179.6
178.25
179.15
178.7
178.7
179.15
177.8
178.7
178.25
177.8
177.35
176.45
177.35
176.9
177.8
177.35
176.9
177.35
177.35
176.9
176.9
177.35
176.9
176.9
176.45
177.35
176.9
176.9
176.9
176.45
176.9
175.55
176.45
176.0
175.55
176.0
176.0
176.45
176.45
175.1
176.0
175.55
176.0
175.1
175.55
175.1
176.0
174.65
175.55
175.55
174.2
174.65
175.1
174.2
174.2
174.65
174.65
175.1
174.2
173.75
174.65
174.2
174.2
173.75
174.2
173.75
172.85
173.75
173.3
172.4
173.75
173.75
173.75
172.4
173.3
173.3
172.4
172.4
173.3
172.4
172.4
172.85
173.3
172.4
172.85
172.85
172.4
172.85
173.3
171.95
171.95
172.85
171.5
171.95
171.95
171.5
172.4
172.4
171.05
171.95
172.4
171.95
171.95
171.95
171.05
171.05
171.5
171.95
171.05
170.6
171.5
171.5
171.95
171.5
171.05
171.5
171.05
171.05
171.05
170.6
170.6
170.6
170.6
170.6
170.6
171.05
170.15
170.6
170.15
171.05
170.15
170.6
170.6
169.7
170.15
169.7
169.25
169.25
169.7
169.7
168.8
169.7
168.8
168.8
168.8
168.8
169.25
168.8
168.8
168.35
167.9
169.25
168.8
168.8
169.25
169.25
168.35
168.35
168.35
167.9
168.35
168.35
168.35
168.35
167.45
168.35
167.9
167.9
168.35
167.9
167.0
168.8
168.35
168.35
167.45
167.9
167.9
167.0
167.9
167.0
167.9
167.9
167.9
166.55
166.55
166.1
167.9
167.0
167.45
166.55
167.9
166.55
167.0
167.0
166.55
166.55
166.55
166.55
166.1
166.55
166.55
166.1
166.55
166.55
166.1
166.55
166.55
166.55
165.65
166.55
166.55
166.55
165.65
166.55
166.55
165.2
166.1
166.1
166.1
165.2
165.65
166.1
166.1
165.65
165.2
165.65
165.65
165.2
165.65
164.75
164.75
165.65
165.65
165.65
165.65
165.2
164.3
165.65
165.2
164.3
165.65
164.75
164.3
165.2
165.2
165.65
163.85
164.75
164.75
163.85
164.75
164.3
163.4
164.75
163.4
164.75
164.75
163.85
164.3
164.75
163.4
164.3
163.4
163.4
163.85
163.85
164.3
163.85
163.85
163.85
162.95
162.05
164.3
162.95
162.95
163.4
162.95
163.85
163.85
162.95
162.95
162.5
161.6
162.5
161.6
163.4
162.95
162.05
162.05
162.95
162.5
162.5
162.05
162.95
162.05
162.05
162.5
161.15
162.5
162.5
161.6
161.6
162.5
162.05
162.05
161.15
161.15
161.6
162.05
161.6
162.05
162.05
162.05
160.7
161.15
162.05
161.6
160.7
161.15
161.6
161.15
162.05
161.6
160.7
160.7
162.05
161.6
161.15
160.25
160.7
160.7
159.8
160.25
160.7
160.7
159.8
158.45
160.7
160.25
159.35
160.25
160.25
159.35
158.9
160.25
159.35
159.8
159.8
160.7
159.8
159.35
159.8
158.9
160.25
159.8
159.35
158.9
159.35
159.8
159.8
159.35
159.35
159.35
159.8
158.45
159.8
159.35
159.35
159.35
158.9
158.9
159.8
158.9
158.9
159.35
158.9
158.9
159.35
158.0
159.35
157.55
158.45
159.35
158.9
158.9
158.9
158.45
157.1
158.0
158.0
158.0
157.55
158.45
158.45
158.0
158.9
158.45
158.45
158.9
157.55
157.55
157.55
158.0
157.55
158.45
157.55
156.65
157.1
157.55
157.55
157.55
157.55
158.0
157.55
157.1
156.65
156.65
156.65
157.1
156.65
156.65
157.55
157.55
157.55
156.65
156.65
157.1
156.65
155.75
157.55
157.55
156.65
156.65
157.1
156.65
156.2
156.65
157.1
157.1
157.1
156.65
156.2
156.2
155.75
157.1
156.65
156.65
157.1
156.65
156.65
155.75
156.65
156.2
155.75
156.2
156.2
156.65
155.75
154.85
156.2
156.65
156.65
156.2
155.3
156.65
156.2
156.65
155.3
156.65
155.3
156.2
156.2
155.75
154.85
155.75
155.3
155.3
155.3
154.85
154.85
154.85
155.75
154.85
155.3
155.75
155.3
154.4
154.4
155.3
154.85
155.3
155.75
155.3
155.3
154.85
154.4
154.85
154.85
154.85
154.85
155.3
154.85
154.4
154.4
153.95
154.4
154.85
154.85
154.4
154.4
154.4
154.4
153.95
153.95
153.95
153.95
154.4
153.95
153.5
153.95
153.5
153.95
154.4
153.05
154.85
154.85
153.5
153.95
153.95
153.95
153.95
154.4
153.95
154.4
153.95
154.4
154.4
153.95
153.95
153.95
153.5
153.5
153.5
153.95
153.95
153.5
153.5
153.95
153.95
153.95
153.95
153.95
154.4
153.05
152.15
153.5
152.6
153.05
152.6
153.05
153.5
153.5
153.5
152.6
153.5
152.6
153.05
153.5
152.6
152.6
153.05
153.5
153.5
152.15
153.5
152.6
153.05
152.15
151.25
152.6
152.15
152.15
152.15
151.7
151.7
153.05
152.6
151.7
151.7
152.15
151.25
152.15
151.7
151.7
151.25
152.15
151.7
150.8
151.25
151.7
151.25
151.25
151.25
151.7
150.35
151.25
151.25
150.8
151.25
150.35
151.25
151.25
150.35
150.8
150.8
150.8
150.35
150.8
150.35
150.35
150.8
150.35
150.8
150.8
150.35
150.35
150.8
150.35
150.8
150.35
150.35
150.35
150.35
149.9
150.35
150.35
149.45
150.35
150.8
150.8
150.35
150.35
151.25
150.8
150.8
150.35
150.35
150.35
150.35
149.9
150.35
149.9
150.35
149.9
150.35
150.35
149.45
149.9
149.9
150.35
150.35
149.9
150.35
149.9
149.9
150.35
150.35
150.35
149.45
149.9
149.9
149.9
149.9
149.45
149.0
149.0
149.0
150.35
150.35
149.9
149.9
149.45
149.9
150.35
149.45
150.35
149.0
149.45
149.45
149.45
149.45
149.45
149.45
149.45
149.45
149.45
148.55
149.0
149.0
149.45
147.65
149.0
149.0
149.0
149.0
149.45
148.55
148.55
149.45
149.0
149.45
148.1
148.55
149.0
149.0
148.1
148.55
148.55
148.1
149.0
148.55
148.55
148.55
148.55
148.55
147.2
148.1
148.1
148.55
147.65
148.1
148.1
147.65
147.2
147.65
148.1
148.1
147.65
147.65
147.65
147.2
148.1
146.75
147.65
147.2
147.65
147.65
147.65
147.65
147.65
146.75
146.75
147.2
147.2
147.2
147.2
146.75
147.2
146.75
146.75
147.2
147.2
146.3
146.75
147.2
146.3
146.3
146.3
146.75
146.75
146.75
147.2
146.75
145.85
146.3
146.75
145.85
145.85
146.3
146.3
146.3
147.2
146.3
146.75
146.3
146.3
145.4
145.4
146.3
146.3
146.3
145.85
145.85
146.75
146.3
146.3
146.3
145.85
146.3
145.85
145.85
145.85
145.85
145.4
145.85
145.85
145.85
145.4
144.95
144.95
144.95
144.95
146.3
145.4
144.5
144.95
144.95
145.85
145.4
144.5
144.95
145.4
145.85
144.95
144.95
145.4
144.95
144.05
144.95
144.5
144.05
144.5
144.05
144.05
144.5
144.95
144.95
144.95
144.05
144.95
144.5
144.5
143.6
144.5
144.95
144.5
144.5
143.6
144.5
144.5
144.5
144.05
144.5
144.05
143.6
144.05
144.5
143.6
144.05
144.5
144.05
144.05
144.05
144.05
144.05
143.6
144.5
143.15
144.5
144.05
143.15
144.05
144.05
144.5
144.5
143.6
143.6
144.05
144.5
143.6
144.05
144.05
144.05
144.05
144.05
144.05
143.6
144.5
144.05
144.5
143.6
143.6
144.05
144.05
144.05
143.15
143.6
143.15
143.15
144.05
143.6
143.6
143.6
143.6
143.6
143.6
143.15
142.7
143.15
142.7
143.6
142.7
143.15
142.7
143.15
142.25
143.15
141.8
143.15
142.7
143.15
143.15
142.25
142.25
142.25
142.7
141.8
142.7
142.7
141.8
142.25
142.25
142.25
142.25
141.8
142.25
142.7
141.8
141.8
141.8
141.35
142.25
141.8
142.25
141.8
141.8
140.9
141.8
141.35
141.35
141.35
141.35
141.8
141.35
141.8
141.8
142.25
141.8
142.25
141.35
141.8
141.8
141.35
141.35
141.8
141.8
141.8
141.8
141.35
141.35
141.8
140.9
140.9
141.35
140.9
140.9
141.8
140.9
140.9
140.9
140.45
141.35
141.35
141.35
141.35
141.35
141.35
140.9
140.9
141.8
140.9
140.9
141.35
141.8
141.35
141.8
140.45
140.45
141.35
140.9
140.9
140.9
140.45
140.9
140.9
140.0
140.45
140.9
140.9
140.0
140.0
140.0
139.1
140.0
139.55
140.45
140.45
140.45
140.0
140.0
140.0
140.45
140.0
140.0
140.45
140.0
140.45
140.45
139.55
140.45
140.45
140.0
139.1
140.0
138.65
139.1
139.55
138.65
139.1
139.55
140.0
139.55
139.1
139.55
139.55
139.1
139.55
138.2
139.1
140.0
140.0
140.0
139.1
139.55
139.1
138.65
138.65
139.55
139.55
139.1
139.1
139.1
139.1
138.65
139.55
139.1
138.65
139.1
138.2
138.65
138.65
139.1
138.65
138.2
139.1
138.65
139.1
139.1
138.65
139.1
138.65
138.2
138.65
138.65
138.65
139.1
139.1
138.65
138.2
139.1
139.1
138.65
138.2
138.65
138.65
137.75
137.75
137.75
137.75
137.75
138.2
138.2
138.2
138.65
138.65
138.65
138.65
138.2
137.3
138.2
138.2
137.75
138.2
138.2
138.2
138.2
137.75
137.3
137.75
137.3
136.85
137.3
137.75
137.3
137.3
137.3
137.75
137.3
136.85
136.85
137.3
136.4
137.75
137.75
136.85
137.3
136.85
137.75
137.3
137.75
136.85
137.3
137.3
137.3
136.85
136.85
136.85
136.4
136.4
136.85
135.95
136.4
136.85
135.95
137.3
136.85
136.85
136.85
135.95
137.3
137.3
135.95
135.5
136.4
136.4
136.85
136.4
136.4
136.4
136.85
136.4
137.3
136.85
136.85
137.3
137.75
137.3
136.85
137.75
136.85
136.85
136.85
135.95
137.3
136.4
136.85
135.05
136.4
136.4
136.4
136.4
135.5
135.95
135.95
136.85
136.85
136.85
136.4
136.4
135.95
136.4
136.85
136.85
135.95
135.95
136.4
136.4
135.95
135.95
135.5
136.4
135.95
135.95
136.4
135.5
135.05
135.95
135.95
135.95
135.95
135.95
135.05
135.5
135.5
135.95
134.15
135.5
135.05
135.5
135.05
135.05
135.05
134.15
135.05
134.6
134.6
134.6
135.05
135.05
134.6
135.05
135.05
134.6
134.15
134.6
134.6
135.05
133.7
134.15
134.15
134.6
134.6
135.05
134.6
135.05
134.6
135.05
134.6
134.6
133.7
134.15
134.15
134.15
134.15
134.6
134.15
134.15
134.6
134.6
134.15
134.6
134.6
134.6
134.15
133.7
134.6
134.6
133.7
134.15
135.05
133.7
133.7
134.6
134.15
135.05
135.05
134.6
134.6
133.7
133.7
133.25
134.6
134.15
133.25
134.15
135.05
133.25
134.15
134.15
134.6
133.7
134.15
133.25
134.15
132.8
134.6
134.6
133.7
133.7
133.7
134.15
132.8
134.15
134.15
133.25
133.7
133.7
133.25
133.7
133.7
133.7
133.7
134.15
133.7
132.8
133.25
133.7
134.15
133.7
133.7
133.7
133.7
133.7
133.25
133.25
133.25
134.15
133.25
133.25
133.7
133.25
132.8
133.25
132.8
133.25
133.25
133.25
133.25
132.35
132.8
132.8
132.35
132.8
132.8
132.8
132.35
132.35
132.8
133.25
133.25
132.35
132.8
132.8
131.9
132.8
131.9
132.8
132.35
131.9
132.35
132.8
132.35
132.35
132.35
132.8
132.8
132.35
132.8
132.35
132.8
132.35
132.8
132.8
133.25
133.25
133.25
132.35
132.8
132.8
132.35
132.35
131.9
132.35
132.35
132.35
131.45
131.9
131.45
131.9
131.9
131.9
131.9
131.9
131.45
131.9
131.9
131.9
131.0
131.9
131.45
131.45
131.0
131.9
131.45
131.0
130.1
131.9
131.45
131.45
131.9
131.0
131.0
131.0
131.9
131.0
130.55
131.45
131.0
131.0
131.0
131.45
131.0
131.45
131.0
131.45
131.45
131.0
131.0
131.9
131.0
131.45
130.1
130.55
131.0
130.55
131.0
131.0
131.45
131.45
130.55
130.55
130.1
130.55
131.45
130.55
130.1
130.55
130.55
130.55
130.1
130.1
131.0
131.0
130.1
131.0
131.0
130.55
130.55
130.55
129.65
130.1
130.55
130.1
130.1
131.0
131.0
130.55
130.55
130.1
130.1
131.0
131.0
129.65
131.0
131.0
129.2
130.1
130.55
130.55
130.55
129.65
130.1
131.0
130.55
130.55
131.0
129.65
130.1
130.1
130.1
129.65
130.1
130.1
131.0
131.0
130.55
131.0
131.0
130.55
130.55
131.45
130.1
130.1
130.55
131.0
130.55
130.1
131.0
130.55
131.0
130.55
129.65
129.65
129.65
130.55
130.55
130.55
130.1
130.55
130.55
130.1
130.1
130.1
130.1
129.65
129.65
130.55
130.1
130.1
130.1
130.1
129.65
130.1
129.65
129.65
129.65
129.65
129.65
130.1
130.1
129.65
130.1
130.1
129.65
130.1
129.65
130.1
130.55
129.2
129.65
129.65
130.55
129.65
129.65
130.1
129.2
129.65
130.55
130.55
130.1
130.1
130.55
130.1
130.1
130.1
130.1
130.1
129.65
129.65
129.65
129.65
130.1
129.2
128.75
129.65
129.65
129.65
129.2
130.1
129.65
129.65
130.1
129.2
129.65
129.65
128.75
129.65
130.1
130.1
129.65
130.1
129.65
129.2
128.75
129.2
130.1
128.75
129.2
128.75
129.2
129.65
128.75
129.2
129.65
129.65
129.2
129.65
129.2
129.2
130.1
129.65
128.75
129.65
130.1
129.65
129.65
129.65
129.65
130.1
129.65
129.2
129.65
128.75
129.2
129.65
130.1
129.65
129.2
128.75
129.65
128.75
128.75
129.2
129.65
129.65
129.65
129.2
129.2
128.75
129.65
128.75
128.75
129.2
129.2
129.2
129.2
129.65
129.65
129.2
129.2
129.2
129.2
129.2
129.65
128.3
128.3
129.2
129.65
129.65
129.65
129.65
128.75
129.65
130.1
130.1
129.65
128.75
129.2
129.2
128.75
129.65
129.65
129.65
129.2
129.2
129.65
129.65
129.2
129.65
129.65
130.1
129.65
129.65
130.1
129.65
130.1
129.2
129.65
130.1
128.75
129.65
129.65
129.2
128.75
128.75
128.3
129.65
129.65
129.2
129.65
129.2
129.2
128.75
129.2
128.75
128.75
129.2
128.75
128.3
129.2
129.2
129.2
129.2
128.75
129.65
129.2
129.2
127.85
129.2
129.2
128.3
129.2
128.75
128.75
128.3
128.3
128.3
129.2
128.75
128.75
128.75
128.75
128.75
128.75
129.2
127.85
128.3
128.75
128.3
128.3
128.75
127.85
129.2
128.75
128.75
128.3
128.75
128.75
127.85
128.3
129.2
128.3
128.3
129.2
128.75
128.3
128.75
128.75
128.3
128.75
127.85
129.2
128.75
128.75
128.75
128.75
127.85
128.3
128.3
128.3
128.3
128.3
128.75
129.2
127.85
128.75
127.4
127.85
128.75
128.75
128.3
129.2
128.3
127.4
128.75
128.75
128.3
128.75
127.85
127.85
128.75
127.85
128.3
128.75
128.3
128.3
128.75
128.3
128.75
128.75
128.75
128.3
128.75
127.85
128.75
129.2
128.3
129.2
128.3
129.2
128.75
128.3
128.3
127.85
127.85
128.75
129.2
128.75
128.3
127.85
128.75
128.75
127.85
127.85
128.75
127.85
128.3
128.3
127.85
127.85
127.4
128.75
128.3
127.85
128.3
128.3
127.85
128.3
127.85
127.4
128.3
127.85
128.75
128.75
128.75
128.3
128.3
128.3
128.3
128.3
127.85
127.4
128.3
128.3
127.85
126.95
127.4
127.85
128.3
127.85
128.3
127.85
127.85
128.3
127.85
126.5
127.85
128.3
127.85
127.85
127.85
127.4
127.85
127.85
127.85
127.85
128.3
127.85
127.4
127.4
126.95
127.85
126.95
127.85
127.85
127.4
126.95
127.4
126.95
127.4
127.4
127.4
127.85
127.4
127.85
126.5
127.85
127.4
127.4
126.05
127.4
126.05
126.5
126.95
126.5
126.95
126.5
126.95
127.4
126.95
126.95
126.5
127.4
127.4
126.95
126.95
126.95
127.4
126.95
126.95
126.05
126.95
125.6
126.5
126.5
126.95
126.05
126.5
126.05
126.95
126.95
126.5
126.05
126.5
126.5
126.05
126.05
126.5
126.5
125.6
126.5
126.05
126.05
126.05
125.15
126.05
125.6
126.05
126.05
125.6
125.6
125.6
126.05
125.15
125.6
126.05
124.7
126.05
125.15
125.15
125.15
125.6
124.7
124.7
125.15
125.15
125.15
125.15
124.7
124.7
125.15
124.7
124.7
124.25
124.7
123.8
124.25
124.7
124.7
124.25
124.25
123.8
123.35
123.8
124.25
123.35
123.35
124.25
123.8
124.25
124.25
123.8
124.25
123.8
124.25
124.25
124.25
123.8
123.8
123.8
123.35
123.8
123.8
123.35
123.8
123.8
123.8
123.8
123.8
123.8
123.35
124.25
122.9
123.35
123.8
123.8
123.35
123.8
123.35
122.9
122.9
122.45
122.9
122.9
122.45
122.9
123.35
122.45
122.45
123.35
122.45
122.45
122.45
122.45
122.9
122.45
122.45
122.9
122.45
122.0
122.45
122.45
122.0
122.45
121.55
122.45
121.55
122.45
122.0
120.65
121.55
122.0
121.55
121.1
122.0
122.0
122.0
121.55
121.1
121.1
122.0
121.1
121.1
122.0
121.55
121.55
121.1
122.0
120.2
121.1
121.1
121.1
120.65
121.55
121.1
121.55
120.65
121.55
121.1
121.1
121.1
121.1
121.1
121.1
121.55
120.2
121.1
120.65
120.65
121.1
120.2
121.1
121.1
121.1
119.75
120.2
121.1
120.65
120.2
119.75
120.2
119.75
119.3
119.3
120.65
119.75
119.75
120.2
120.2
119.75
118.85
120.2
120.2
118.85
119.75
120.2
118.85
120.65
119.3
120.2
119.75
119.75
120.65
120.2
120.2
118.85
119.75
120.2
120.2
120.2
119.75
119.3
118.85
119.3
119.75
118.85
120.2
119.3
120.2
119.75
119.3
118.85
119.75
119.75
120.2
120.2
119.75
119.75
119.3
119.3
119.75
119.3
119.3
119.3
119.3
119.3
118.85
119.3
118.4
119.3
119.3
118.4
118.4
118.4
118.4
118.4
118.85
118.85
117.95
117.95
118.85
118.4
119.3
118.4
118.85
118.4
118.4
117.5
118.4
118.4
117.5
117.95
117.95
117.95
117.95
118.4
117.5
117.95
118.4
117.95
117.95
117.5
118.4
117.5
117.5
117.5
117.95
117.5
117.95
117.5
117.5
117.05
116.6
116.6
117.05
117.5
117.5
117.05
117.05
117.05
117.95
117.5
117.5
117.05
117.95
116.6
116.6
117.05
117.5
117.05
117.05
117.05
117.05
116.6
116.6
117.05
117.05
116.6
117.05
117.05
117.05
116.6
116.15
116.6
116.6
117.05
116.15
117.05
116.15
115.7
116.6
116.6
116.6
116.6
115.7
116.15
116.15
116.15
115.7
116.6
116.6
116.15
115.7
114.8
115.7
116.15
115.25
115.7
115.7
116.15
116.6
115.25
116.15
114.8
116.6
116.15
115.7
116.15
115.25
115.7
116.15
116.15
115.7
114.8
115.7
116.15
116.15
116.15
115.7
115.25
115.7
116.15
115.7
114.8
114.8
115.7
114.8
114.35
114.8
115.25
115.25
116.15
114.8
115.25
116.15
115.7
114.8
114.35
114.8
115.25
115.25
114.8
115.25
113.9
114.8
114.35
114.8
114.8
115.7
115.25
115.25
115.25
115.25
113.9
114.8
115.25
115.25
115.25
114.8
113.9
114.35
114.35
115.25
115.25
114.35
114.35
114.8
113.45
114.8
113.9
114.8
114.35
113.9
114.8
114.35
114.35
114.8
114.35
113.9
113.9
114.8
114.35
113.9
113.9
114.35
113.45
113.9
113.45
114.35
113.45
114.35
113.45
114.8
114.35
113.0
113.45
114.35
114.35
114.35
113.9
114.35
113.9
114.35
113.9
113.45
114.35
114.35
113.9
113.0
113.9
113.9
114.35
113.9
114.35
113.9
113.0
113.45
113.45
113.0
114.35
113.9
113.45
113.9
114.35
112.55
113.45
114.35
113.9
113.0
113.45
111.65
113.45
113.0
113.45
113.9
113.0
113.9
113.0
113.45
113.45
113.0
113.45
113.9
113.9
113.9
113.45
113.45
113.45
113.45
114.35
113.0
113.45
113.45
113.9
113.45
113.9
113.0
113.45
113.0
113.0
113.45
113.0
113.45
113.45
113.0
113.45
112.55
113.0
112.1
113.0
113.45
113.9
113.9
113.9
112.55
113.0
113.45
112.55
113.45
113.45
113.45
112.55
113.0
113.45
113.45
112.55
112.55
111.65
112.55
113.45
112.55
112.55
112.55
112.55
112.55
113.0
112.55
113.0
112.55
112.55
112.55
112.55
113.0
113.0
113.0
113.0
112.1
112.55
113.45
112.1
112.55
111.65
111.65
112.55
113.0
113.0
113.0
112.1
112.55
112.1
111.2
112.55
111.65
112.55
113.0
112.1
113.45
112.1
112.1
112.55
112.55
111.65
112.1
112.1
111.65
113.0
112.55
112.55
112.55
112.55
112.55
111.65
110.75
112.1
112.1
111.65
111.65
111.65
111.65
112.1
112.55
111.2
111.65
111.2
111.2
111.2
112.1
111.2
112.1
111.65
112.1
111.2
112.55
112.55
112.1
112.55
112.1
112.1
112.1
112.1
112.1
111.65
112.1
111.2
112.1
112.55
112.1
111.65
112.55
111.65
110.75
111.2
111.65
111.2
111.65
111.65
111.2
111.65
111.65
111.2
112.1
111.2
111.2
112.1
111.65
110.3
111.65
111.2
111.65
111.65
111.2
111.65
111.65
111.65
111.65
111.65
110.3
111.65
110.75
111.2
111.65
111.65
110.75
111.65
111.65
111.2
110.3
111.65
111.65
111.65
110.3
110.75
110.75
110.3
110.3
111.2
111.65
111.2
111.65
111.2
110.3
111.2
111.65
111.2
111.2
111.65
111.65
111.2
111.2
111.2
111.65
110.75
110.75
110.3
110.75
110.75
110.75
110.75
111.2
110.75
110.75
110.3
110.75
110.75
110.3
110.3
110.75
110.3
110.3
111.2
111.2
110.75
110.3
110.75
110.75
110.3
110.75
110.75
109.85
110.75
111.2
109.85
111.2
109.85
110.3
111.2
110.3
110.3
110.75
110.75
110.75
110.3
109.85
110.3
110.75
109.4
110.3
110.3
110.3
110.3
109.4
110.3
109.4
109.85
109.4
110.3
109.4
110.3
109.85
109.4
110.3
109.85
108.95
109.85
110.3
110.3
110.75
109.85
109.4
109.4
109.85
110.3
109.85
109.85
110.3
110.3
109.85
109.4
110.3
110.3
109.85
109.85
109.4
110.3
110.3
110.3
109.85
109.85
109.85
109.4
109.4
109.4
109.4
109.4
108.5
109.4
109.4
108.5
108.5
108.95
109.4
108.95
108.95
108.95
109.4
109.4
109.4
108.95
109.4
108.05
108.5
108.95
108.05
108.05
108.05
108.95
108.95
109.4
108.95
108.5
108.95
108.5
108.5
108.5
108.5
108.5
108.05
108.5
108.5
108.95
107.6
108.05
108.5
108.5
108.5
107.15
108.05
108.95
108.5
108.5
108.95
108.05
107.15
108.05
108.5
108.5
108.5
108.05
107.6
108.5
107.6
108.05
108.5
108.05
107.6
108.95
108.5
108.05
108.5
108.05
107.6
108.05
108.5
108.05
108.05
108.5
107.6
107.6
108.05
108.05
108.5
107.6
106.7
108.05
108.05
107.6
107.6
107.6
108.5
107.15
107.6
108.5
107.6
108.05
107.6
107.6
108.05
107.6
107.6
106.7
108.5
107.6
107.15
107.15
107.6
107.6
108.05
108.05
107.6
107.6
108.05
107.6
107.15
107.6
107.6
107.6
108.05
107.6
108.05
108.05
107.15
107.6
107.6
106.7
106.7
108.05
106.7
107.6
107.6
107.6
108.05
107.15
107.6
107.6
107.6
107.6
108.05
107.6
108.05
106.7
108.05
108.05
108.05
108.05
107.6
107.6
108.05
107.6
107.6
106.7
108.05
107.6
108.05
108.05
106.7
107.15
106.7
107.15
107.15
108.05
106.7
108.05
107.15
107.6
107.6
108.05
108.05
107.6
107.15
107.15
107.6
107.15
107.15
107.6
107.15
107.6
106.7
107.6
107.6
107.6
107.15
107.15
107.15
107.6
106.25
107.15
107.6
107.6
107.15
107.15
106.7
107.15
106.7
107.6
107.15
107.15
107.6
108.05
107.15
106.7
106.7
107.15
107.15
106.7
107.15
106.7
107.15
107.15
106.7
107.15
107.6
106.25
107.15
106.25
106.7
107.15
106.7
106.25
106.25
107.15
107.15
107.15
107.15
105.8
106.25
107.15
106.7
106.25
106.7
106.7
106.7
107.15
105.8
105.8
106.25
106.7
106.7
106.7
105.8
106.7
106.7
105.35
106.7
107.15
105.8
105.8
105.35
106.25
107.15
106.7
106.7
105.8
106.7
106.7
106.25
106.25
105.35
106.7
107.15
105.8
106.25
105.8
105.8
105.8
106.7
106.25
105.8
107.15
105.8
106.25
106.25
106.25
105.35
106.25
106.25
106.7
105.35
106.25
105.8
106.25
106.25
106.25
106.25
105.35
106.25
106.25
106.25
105.8
105.35
105.8
105.8
105.35
105.8
105.8
105.35
104.45
106.25
105.8
104.45
106.25
106.25
106.25
105.35
104.9
105.8
106.25
104.9
105.35
104.45
106.25
105.8
105.35
105.35
104.45
104.9
105.35
105.35
105.35
104.45
105.8
105.8
104.45
105.8
106.25
105.8
104.9
106.25
106.25
105.8
106.25
105.35
105.8
105.8
105.35
104.9
105.35
104.45
105.8
105.35
105.8
104.9
105.35
105.8
105.35
104.9
103.55
105.8
104.9
104.45
105.35
104.9
105.35
105.35
105.35
105.35
104.45
105.8
104.9
104.9
104.0
104.9
105.8
105.8
105.8
105.35
104.9
104.9
104.0
105.35
104.45
105.35
105.35
104.9
104.45
104.9
104.9
105.8
104.45
105.35
104.0
105.8
105.35
104.45
104.9
105.35
104.9
104.9
104.9
104.9
104.45
104.9
105.35
105.35
105.35
104.45
104.0
104.9
104.45
104.9
104.9
104.45
104.0
104.0
104.45
104.9
104.9
104.45
104.0
104.9
104.9
104.0
105.35
104.45
105.35
104.9
104.9
104.45
104.0
104.0
104.0
104.9
103.55
104.45
104.9
104.0
104.45
104.9
104.45
104.9
104.45
104.9
104.45
104.45
104.45
104.45
104.0
104.0
104.0
104.0
104.9
103.55
104.0
104.0
104.9
104.9
104.45
103.55
104.9
104.9
104.0
104.9
104.45
103.55
103.1
103.55
104.9
104.45
104.9
103.55
104.9
104.45
104.0
103.55
104.45
104.0
104.45
104.0
104.0
104.45
104.0
104.45
104.0
104.45
104.0
104.45
104.45
104.9
104.0
104.0
104.9
103.55
104.45
104.9
103.55
104.9
104.0
104.0
104.0
104.0
104.0
104.45
104.45
104.0
104.0
103.55
103.55
103.55
103.55
104.0
104.45
104.0
104.0
104.0
103.55
104.45
103.55
103.1
104.45
103.55
104.0
104.0
104.0
104.0
103.1
104.0
103.1
104.0
104.0
103.55
104.0
104.0
103.1
103.1
103.1
104.0
103.55
103.1
103.1
104.0
103.55
104.0
103.55
104.0
103.55
103.55
103.55
102.65
103.55
102.65
102.65
104.0
103.55
104.0
103.1
102.2
103.55
103.55
103.55
104.0
102.65
103.1
103.1
104.0
103.55
103.55
102.65
104.0
103.55
102.65
103.1
102.65
103.55
103.1
103.1
103.55
103.1
103.1
102.65
103.55
103.55
103.1
103.55
104.0
103.55
103.1
103.55
102.65
102.65
102.2
102.65
102.65
103.1
102.65
103.55
103.55
103.55
103.1
103.55
103.55
103.55
103.1
102.2
103.55
103.1
103.55
103.55
102.2
102.65
103.1
103.55
103.1
103.55
103.55
103.55
102.2
103.1
103.1
102.65
103.1
103.1
103.55
102.65
103.1
102.65
102.2
102.65
103.55
103.55
102.65
102.65
103.55
103.55
102.2
103.1
102.65
103.1
103.1
103.1
103.1
103.1
102.2
103.1
103.1
103.1
103.55
103.55
103.1
103.55
102.65
103.1
103.55
102.2
101.75
103.1
103.55
103.1
103.1
102.65
103.1
102.2
103.1
102.65
102.65
103.1
102.65
102.65
102.65
102.65
102.65
102.65
102.65
102.65
103.1
103.1
102.2
102.2
103.1
102.65
102.65
103.1
102.65
103.1
102.65
101.75
103.1
102.65
101.3
103.1
102.2
102.65
102.2
102.65
101.75
102.2
102.65
101.3
101.75
102.65
101.3
102.2
101.3
102.2
102.2
102.2
102.2
102.65
102.2
102.65
102.65
101.75
102.2
102.2
102.65
102.2
102.65
101.75
102.65
102.65
101.75
102.2
103.1
102.65
101.75
102.2
102.65
101.3
102.2
102.65
100.85
101.3
101.75
102.2
101.3
102.2
101.3
101.3
102.2
102.2
102.2
102.2
102.2
101.3
101.3
101.75
102.2
101.75
102.2
102.2
101.3
101.3
100.85
102.2
101.75
101.75
102.2
101.3
101.3
101.75
101.75
102.2
102.2
101.75
101.3
101.75
102.2
101.3
101.75
101.75
101.75
101.75
101.3
101.75
101.3
101.75
101.75
100.85
101.75
101.3
100.85
101.75
101.75
101.75
101.75
101.75
101.3
101.75
100.85
100.85
100.85
100.85
100.85
100.4
100.4
100.85
100.85
100.4
100.85
100.85
101.3
100.85
101.3
100.85
100.85
100.85
100.85
100.85
101.3
100.85
101.3
101.75
101.3
101.3
100.85
101.3
100.4
101.3
100.4
101.3
101.3
101.3
99.95
101.75
100.85
100.85
100.85
100.85
101.75
101.3
101.3
100.85
101.3
101.3
100.4
100.85
100.85
100.85
101.3
101.3
101.75
100.4
101.3
101.3
101.3
100.4
100.4
100.4
101.3
101.75
101.3
100.4
100.4
99.95
101.3
100.85
99.95
100.4
100.4
99.5
99.95
100.85
100.85
100.85
99.5
100.85
100.4
100.85
100.4
99.05
99.05
100.4
100.85
100.4
100.85
100.4
100.4
99.95
99.5
100.85
100.85
100.4
100.4
100.85
100.4
99.5
99.5
100.85
99.5
100.4
99.95
99.95
99.5
100.4
100.4
99.95
100.4
100.4
99.5
99.95
100.4
99.95
100.4
100.85
99.05
99.5
99.5
100.4
99.05
100.4
99.95
99.5
100.4
99.95
100.4
98.6
99.95
99.95
99.5
99.5
99.5
99.5
99.95
99.95
99.95
99.5
100.4
99.05
99.5
99.05
99.05
99.95
99.5
99.5
99.05
99.95
98.6
99.95
99.95
99.5
98.6
99.05
99.5
99.05
99.5
99.5
99.95
99.5
99.95
99.05
99.5
99.95
99.5
98.6
98.15
99.95
99.5
99.95
99.05
99.95
99.5
99.5
98.6
99.5
99.5
99.05
99.95
99.05
98.6
99.5
100.4
99.05
99.5
99.5
99.05
99.05
99.5
99.05
99.5
99.5
99.5
99.95
99.95
98.15
99.05
99.5
99.5
99.05
97.7
98.15
99.5
99.05
97.7
99.05
99.05
99.05
99.5
99.05
98.15
98.6
98.6
98.15
99.5
98.6
99.5
99.05
98.15
98.6
98.15
98.15
98.6
98.6
98.15
99.05
98.6
99.5
98.6
97.25
99.5
98.6
97.7
99.05
98.15
98.6
98.6
98.15
99.05
98.6
98.6
99.5
98.6
98.6
99.05
98.15
98.15
98.6
99.05
98.6
98.15
98.15
99.05
99.05
98.6
99.05
99.05
99.05
98.6
98.15
99.5
97.7
98.15
99.05
98.6
99.05
99.05
98.6
99.05
99.05
99.05
99.05
98.15
97.7
99.05
99.05
99.05
99.05
99.05
98.6
98.15
99.05
97.7
98.6
98.15
98.15
97.7
97.25
98.6
98.6
97.25
97.7
97.7
98.6
98.15
98.15
97.25
97.7
98.15
98.15
98.6
98.15
98.6
98.15
98.15
98.6
98.15
98.15
99.05
97.7
97.7
98.6
97.25
98.6
98.15
97.7
98.15
98.15
98.15
98.6
98.15
97.7
97.25
98.15
97.7
98.15
98.15
98.15
97.7
97.7
98.15
97.7
98.15
97.7
98.15
98.15
98.15
98.15
97.7
98.15
98.6
97.7
97.25
98.15
97.7
98.6
98.15
98.6
97.7
97.7
98.15
97.25
98.6
97.25
98.15
98.15
97.7
98.6
97.25
98.6
98.6
97.7
98.15
97.7
97.25
97.7
97.25
98.15
97.7
97.7
97.7
96.8
97.7
98.6
97.7
98.15
98.15
97.25
97.7
97.7
98.15
97.25
97.7
96.8
97.25
96.8
97.25
98.15
98.15
98.15
97.25
98.15
96.8
97.7
97.25
98.15
98.15
98.6
97.25
97.7
98.15
98.15
97.25
98.15
98.15
97.25
97.7
97.7
98.15
98.15
97.7
97.25
97.7
98.15
98.15
98.15
97.7
98.15
98.15
97.25
97.25
96.35
98.15
97.25
98.15
98.15
97.25
98.6
97.25
97.7
96.8
97.25
98.15
98.15
98.15
97.25
97.25
98.15
97.7
97.25
97.7
98.15
97.25
98.15
97.7
96.8
97.7
96.8
97.7
97.7
96.35
97.7
97.25
97.25
96.8
97.7
96.35
97.25
96.8
96.8
97.7
97.7
96.35
96.35
96.8
97.25
97.25
97.7
96.8
96.8
97.25
96.8
97.25
96.8
96.8
96.8
96.8
96.8
96.8
96.8
96.8
96.8
97.25
97.25
96.8
96.35
97.25
97.25
96.8
96.8
97.7
96.8
96.8
97.25
97.25
97.7
97.25
97.25
96.8
96.8
96.8
96.8
96.35
97.25
96.35
97.7
96.8
96.35
96.35
96.35
96.35
96.8
96.8
95.0
95.9
96.35
95.9
96.35
95.9
97.25
96.35
96.35
96.8
96.8
95.45
96.8
96.35
96.35
96.35
96.8
96.8
96.8
96.8
96.8
97.25
96.35
96.35
96.35
95.9
96.35
96.35
97.25
96.35
96.35
96.35
95.9
95.45
96.35
95.45
96.35
96.35
96.35
95.9
95.9
95.0
95.9
95.45
96.35
96.35
96.8
95.45
96.35
96.35
96.35
96.35
95.9
95.0
96.35
96.35
96.35
95.9
95.9
96.8
96.35
95.45
96.35
96.8
95.9
96.35
96.8
96.35
96.35
96.35
96.35
96.35
96.35
95.9
96.35
96.8
96.35
96.8
96.35
96.8
96.35
96.35
96.35
95.9
96.35
96.35
95.9
95.9
96.35
95.45
95.45
95.45
96.35
96.35
96.8
95.45
96.35
95.9
95.9
95.9
95.9
95.9
95.45
95.9
95.9
96.35
95.9
95.9
95.9
95.9
95.9
95.45
95.45
95.9
95.45
96.35
96.35
95.45
96.35
94.55
95.45
95.45
95.9
95.9
95.9
95.9
95.9
96.35
96.35
95.0
95.9
95.9
95.9
96.35
95.45
95.9
95.9
95.9
95.45
96.35
96.8
96.35
96.35
95.9
95.45
96.35
95.9
95.9
96.35
95.9
95.45
95.9
95.45
95.0
95.9
95.45
95.9
95.0
95.9
95.9
95.9
96.35
95.45
95.9
96.35
95.9
95.45
95.45
95.9
95.45
95.9
95.9
95.9
95.9
95.9
95.45
95.45
95.9
96.35
95.0
95.0
95.9
95.9
95.9
95.45
95.9
95.0
95.9
95.45
95.9
95.9
95.9
95.45
95.9
95.0
95.9
95.45
95.45
95.45
95.45
95.45
95.45
94.55
95.0
95.9
95.45
95.0
95.45
95.0
95.9
95.0
95.9
95.0
95.45
95.9
95.9
95.45
95.45
95.9
95.0
95.45
95.45
95.45
95.45
95.0
95.0
95.45
95.45
95.45
95.0
95.45
95.45
95.45
95.0
95.45
95.45
94.55
95.45
95.0
95.9
95.9
95.0
95.0
95.9
95.0
95.45
95.0
95.9
95.9
95.0
95.45
95.9
95.45
95.0
94.55
95.45
95.45
95.45
95.45
95.0
94.1
95.9
95.0
95.0
95.45
95.45
95.0
95.0
94.55
94.55
95.45
95.45
95.0
95.0
95.45
95.45
95.0
94.55
95.45
94.55
94.55
95.45
95.0
95.45
95.0
95.0
95.45
95.45
95.45
95.0
95.0
95.45
95.0
95.0
94.55
94.55
94.55
95.45
94.55
95.0
94.55
95.0
94.55
94.55
95.45
94.1
95.0
94.55
95.0
95.0
95.45
94.1
95.45
94.1
95.45
95.45
94.55
95.0
94.55
94.1
94.55
94.55
95.45
94.55
94.1
94.55
95.0
94.1
94.55
94.55
94.55
94.1
94.55
94.1
94.55
94.1
94.55
94.1
94.55
94.55
93.65
94.55
95.0
95.0
94.1
94.1
94.55
94.1
94.55
94.55
94.1
94.1
94.55
94.55
94.55
94.55
94.1
94.1
94.55
94.1
93.65
94.1
94.1
94.1
93.65
94.55
94.55
94.1
94.55
94.1
94.55
95.0
94.55
94.1
94.1
94.55
93.65
94.1
94.1
93.65
94.55
94.55
94.55
94.55
94.55
93.65
93.65
94.1
94.55
93.2
94.55
94.55
94.1
93.65
93.65
94.1
93.65
94.55
94.1
94.1
94.1
94.55
93.65
94.55
93.65
94.1
93.65
94.1
94.1
94.1
94.1
93.65
94.1
94.1
93.65
93.65
94.1
93.65
94.1
94.1
93.2
94.1
94.55
94.1
93.2
93.65
93.65
94.1
94.1
94.1
94.1
94.1
94.1
94.55
93.2
93.65
94.1
94.1
95.0
93.65
94.1
94.1
94.1
94.55
94.55
94.55
94.55
94.1
94.55
95.0
94.1
93.65
94.1
94.1
94.1
93.65
94.55
93.65
94.55
94.1
94.55
94.1
94.55
94.55
94.1
94.1
94.1
93.65
93.2
93.65
94.55
94.1
94.1
94.1
92.75
93.65
94.1
93.65
93.65
94.1
93.65
94.1
94.1
93.65
93.2
93.2
93.2
92.75
93.65
94.55
94.55
93.65
94.1
94.55
94.55
94.55
93.65
92.75
94.55
93.65
93.65
93.65
94.55
94.1
94.1
93.65
94.55
94.55
94.1
94.1
93.65
93.2
93.65
94.55
94.1
94.1
93.65
93.65
94.1
94.55
94.1
93.65
94.55
93.65
94.1
93.65
94.1
92.75
94.1
93.2
94.1
94.1
94.1
93.2
93.2
93.65
93.65
93.65
93.2
93.2
94.1
93.65
93.2
93.65
93.2
94.1
94.1
93.2
93.65
93.65
94.1
94.55
94.1
93.2
92.75
92.75
93.2
93.65
93.2
93.2
93.65
93.2
93.65
93.65
94.1
94.1
93.2
92.3
93.2
93.2
94.1
93.2
93.65
93.65
93.2
93.65
94.1
93.2
94.1
93.2
92.75
93.65
93.65
93.2
93.65
94.1
93.2
94.1
94.1
93.2
93.65
93.2
93.65
93.65
92.3
93.65
93.2
92.75
93.65
93.65
93.2
93.65
93.65
92.75
93.2
93.2
93.65
93.2
92.75
93.2
93.2
93.65
93.65
92.75
93.2
93.2
93.2
93.2
93.2
92.75
93.65
93.65
93.2
93.65
93.2
92.75
94.1
93.65
93.2
93.2
93.65
93.65
93.2
93.2
93.65
93.2
93.2
92.3
93.2
92.75
93.2
93.2
92.3
92.3
93.2
92.75
93.2
92.75
93.2
93.2
93.2
92.75
93.2
93.2
93.2
92.75
93.65
93.2
92.3
93.2
92.75
93.2
92.75
93.2
92.75
92.3
93.2
92.75
91.85
92.3
92.75
93.2
92.3
93.2
93.2
93.2
93.2
93.2
92.75
92.75
93.2
92.75
93.65
93.2
92.75
93.65
93.2
93.2
92.75
